{"C:\\Desenvolvimento\\coop-cred\\src\\app.js": {"path":"C:\\Desenvolvimento\\coop-cred\\src\\app.js","statementMap":{"0":{"start":{"line":9,"column":0},"end":{"line":9,"column":16}},"1":{"start":{"line":11,"column":12},"end":{"line":11,"column":21}},"2":{"start":{"line":13,"column":0},"end":{"line":13,"column":16}},"3":{"start":{"line":14,"column":0},"end":{"line":14,"column":24}},"4":{"start":{"line":15,"column":0},"end":{"line":15,"column":24}},"5":{"start":{"line":18,"column":20},"end":{"line":20,"column":1}},"6":{"start":{"line":23,"column":0},"end":{"line":23,"column":64}}},"fnMap":{},"branchMap":{},"s":{"0":1,"1":1,"2":1,"3":1,"4":1,"5":1,"6":1},"f":{},"b":{},"inputSourceMap":null,"_coverageSchema":"1a1c01bbd47fc00a2c39e90264f33305004495a9","hash":"0c64b31ac6d3ed09ce307d87d3d1756a716e6435"}
,"C:\\Desenvolvimento\\coop-cred\\src\\controllers\\accountController.js": {"path":"C:\\Desenvolvimento\\coop-cred\\src\\controllers\\accountController.js","statementMap":{"0":{"start":{"line":3,"column":26},"end":{"line":44,"column":1}},"1":{"start":{"line":5,"column":4},"end":{"line":18,"column":5}},"2":{"start":{"line":6,"column":21},"end":{"line":6,"column":31}},"3":{"start":{"line":7,"column":60},"end":{"line":7,"column":68}},"4":{"start":{"line":9,"column":22},"end":{"line":14,"column":8}},"5":{"start":{"line":15,"column":6},"end":{"line":15,"column":36}},"6":{"start":{"line":17,"column":6},"end":{"line":17,"column":53}},"7":{"start":{"line":22,"column":4},"end":{"line":32,"column":5}},"8":{"start":{"line":23,"column":21},"end":{"line":23,"column":31}},"9":{"start":{"line":24,"column":22},"end":{"line":24,"column":65}},"10":{"start":{"line":26,"column":6},"end":{"line":27,"column":71}},"11":{"start":{"line":27,"column":8},"end":{"line":27,"column":71}},"12":{"start":{"line":29,"column":6},"end":{"line":29,"column":24}},"13":{"start":{"line":31,"column":6},"end":{"line":31,"column":53}},"14":{"start":{"line":36,"column":4},"end":{"line":42,"column":5}},"15":{"start":{"line":37,"column":21},"end":{"line":37,"column":31}},"16":{"start":{"line":38,"column":23},"end":{"line":38,"column":73}},"17":{"start":{"line":39,"column":6},"end":{"line":39,"column":25}},"18":{"start":{"line":41,"column":6},"end":{"line":41,"column":53}}},"fnMap":{"0":{"name":"(anonymous_0)","decl":{"start":{"line":4,"column":2},"end":{"line":4,"column":3}},"loc":{"start":{"line":4,"column":25},"end":{"line":19,"column":3}},"line":4},"1":{"name":"(anonymous_1)","decl":{"start":{"line":21,"column":2},"end":{"line":21,"column":3}},"loc":{"start":{"line":21,"column":26},"end":{"line":33,"column":3}},"line":21},"2":{"name":"(anonymous_2)","decl":{"start":{"line":35,"column":2},"end":{"line":35,"column":3}},"loc":{"start":{"line":35,"column":29},"end":{"line":43,"column":3}},"line":35}},"branchMap":{"0":{"loc":{"start":{"line":26,"column":6},"end":{"line":27,"column":71}},"type":"if","locations":[{"start":{"line":26,"column":6},"end":{"line":27,"column":71}},{"start":{},"end":{}}],"line":26}},"s":{"0":1,"1":0,"2":0,"3":0,"4":0,"5":0,"6":0,"7":0,"8":0,"9":0,"10":0,"11":0,"12":0,"13":0,"14":0,"15":0,"16":0,"17":0,"18":0},"f":{"0":0,"1":0,"2":0},"b":{"0":[0,0]},"inputSourceMap":null,"_coverageSchema":"1a1c01bbd47fc00a2c39e90264f33305004495a9","hash":"cea912c958eae971f48a93d68af03a3c59fa1b6f"}
,"C:\\Desenvolvimento\\coop-cred\\src\\controllers\\reportController.js": {"path":"C:\\Desenvolvimento\\coop-cred\\src\\controllers\\reportController.js","statementMap":{"0":{"start":{"line":3,"column":25},"end":{"line":13,"column":1}},"1":{"start":{"line":5,"column":4},"end":{"line":11,"column":5}},"2":{"start":{"line":6,"column":28},"end":{"line":6,"column":38}},"3":{"start":{"line":7,"column":21},"end":{"line":7,"column":71}},"4":{"start":{"line":8,"column":6},"end":{"line":8,"column":23}},"5":{"start":{"line":10,"column":6},"end":{"line":10,"column":53}}},"fnMap":{"0":{"name":"(anonymous_0)","decl":{"start":{"line":4,"column":2},"end":{"line":4,"column":3}},"loc":{"start":{"line":4,"column":31},"end":{"line":12,"column":3}},"line":4}},"branchMap":{},"s":{"0":1,"1":0,"2":0,"3":0,"4":0,"5":0},"f":{"0":0},"b":{},"inputSourceMap":null,"_coverageSchema":"1a1c01bbd47fc00a2c39e90264f33305004495a9","hash":"ee5107a04865bfacf363249f05b9e732ed98c1bb"}
,"C:\\Desenvolvimento\\coop-cred\\src\\controllers\\transactionController.js": {"path":"C:\\Desenvolvimento\\coop-cred\\src\\controllers\\transactionController.js","statementMap":{"0":{"start":{"line":3,"column":30},"end":{"line":47,"column":1}},"1":{"start":{"line":5,"column":4},"end":{"line":11,"column":5}},"2":{"start":{"line":6,"column":36},"end":{"line":6,"column":44}},"3":{"start":{"line":7,"column":17},"end":{"line":7,"column":72}},"4":{"start":{"line":8,"column":6},"end":{"line":8,"column":31}},"5":{"start":{"line":10,"column":6},"end":{"line":10,"column":53}},"6":{"start":{"line":15,"column":4},"end":{"line":21,"column":5}},"7":{"start":{"line":16,"column":36},"end":{"line":16,"column":44}},"8":{"start":{"line":17,"column":17},"end":{"line":17,"column":73}},"9":{"start":{"line":18,"column":6},"end":{"line":18,"column":31}},"10":{"start":{"line":20,"column":6},"end":{"line":20,"column":53}},"11":{"start":{"line":25,"column":4},"end":{"line":35,"column":5}},"12":{"start":{"line":26,"column":53},"end":{"line":26,"column":61}},"13":{"start":{"line":27,"column":17},"end":{"line":31,"column":8}},"14":{"start":{"line":32,"column":6},"end":{"line":32,"column":31}},"15":{"start":{"line":34,"column":6},"end":{"line":34,"column":53}},"16":{"start":{"line":39,"column":4},"end":{"line":45,"column":5}},"17":{"start":{"line":40,"column":28},"end":{"line":40,"column":38}},"18":{"start":{"line":41,"column":18},"end":{"line":41,"column":71}},"19":{"start":{"line":42,"column":6},"end":{"line":42,"column":20}},"20":{"start":{"line":44,"column":6},"end":{"line":44,"column":53}}},"fnMap":{"0":{"name":"(anonymous_0)","decl":{"start":{"line":4,"column":2},"end":{"line":4,"column":3}},"loc":{"start":{"line":4,"column":26},"end":{"line":12,"column":3}},"line":4},"1":{"name":"(anonymous_1)","decl":{"start":{"line":14,"column":2},"end":{"line":14,"column":3}},"loc":{"start":{"line":14,"column":27},"end":{"line":22,"column":3}},"line":14},"2":{"name":"(anonymous_2)","decl":{"start":{"line":24,"column":2},"end":{"line":24,"column":3}},"loc":{"start":{"line":24,"column":27},"end":{"line":36,"column":3}},"line":24},"3":{"name":"(anonymous_3)","decl":{"start":{"line":38,"column":2},"end":{"line":38,"column":3}},"loc":{"start":{"line":38,"column":32},"end":{"line":46,"column":3}},"line":38}},"branchMap":{},"s":{"0":1,"1":0,"2":0,"3":0,"4":0,"5":0,"6":0,"7":0,"8":0,"9":0,"10":0,"11":0,"12":0,"13":0,"14":0,"15":0,"16":0,"17":0,"18":0,"19":0,"20":0},"f":{"0":0,"1":0,"2":0,"3":0},"b":{},"inputSourceMap":null,"_coverageSchema":"1a1c01bbd47fc00a2c39e90264f33305004495a9","hash":"c8abe749c2d27f9851cfe213973b2bbbd824862f"}
,"C:\\Desenvolvimento\\coop-cred\\src\\controllers\\userController.js": {"path":"C:\\Desenvolvimento\\coop-cred\\src\\controllers\\userController.js","statementMap":{"0":{"start":{"line":3,"column":23},"end":{"line":23,"column":1}},"1":{"start":{"line":5,"column":4},"end":{"line":11,"column":5}},"2":{"start":{"line":6,"column":46},"end":{"line":6,"column":54}},"3":{"start":{"line":7,"column":19},"end":{"line":7,"column":78}},"4":{"start":{"line":8,"column":6},"end":{"line":8,"column":33}},"5":{"start":{"line":10,"column":6},"end":{"line":10,"column":55}},"6":{"start":{"line":15,"column":4},"end":{"line":21,"column":5}},"7":{"start":{"line":16,"column":34},"end":{"line":16,"column":42}},"8":{"start":{"line":17,"column":19},"end":{"line":17,"column":63}},"9":{"start":{"line":18,"column":6},"end":{"line":18,"column":33}},"10":{"start":{"line":20,"column":6},"end":{"line":20,"column":55}}},"fnMap":{"0":{"name":"(anonymous_0)","decl":{"start":{"line":4,"column":2},"end":{"line":4,"column":3}},"loc":{"start":{"line":4,"column":27},"end":{"line":12,"column":3}},"line":4},"1":{"name":"(anonymous_1)","decl":{"start":{"line":14,"column":2},"end":{"line":14,"column":3}},"loc":{"start":{"line":14,"column":24},"end":{"line":22,"column":3}},"line":14}},"branchMap":{},"s":{"0":2,"1":4,"2":4,"3":4,"4":3,"5":1,"6":1,"7":1,"8":1,"9":1,"10":0},"f":{"0":4,"1":1},"b":{},"inputSourceMap":null,"_coverageSchema":"1a1c01bbd47fc00a2c39e90264f33305004495a9","hash":"0d1a98303d4cfa930db4615c61a1644a991c9289"}
,"C:\\Desenvolvimento\\coop-cred\\src\\middlewares\\authMiddleware.js": {"path":"C:\\Desenvolvimento\\coop-cred\\src\\middlewares\\authMiddleware.js","statementMap":{"0":{"start":{"line":4,"column":21},"end":{"line":4,"column":46}},"1":{"start":{"line":5,"column":2},"end":{"line":5,"column":75}},"2":{"start":{"line":5,"column":19},"end":{"line":5,"column":75}},"3":{"start":{"line":7,"column":16},"end":{"line":7,"column":40}},"4":{"start":{"line":9,"column":2},"end":{"line":15,"column":3}},"5":{"start":{"line":10,"column":20},"end":{"line":10,"column":61}},"6":{"start":{"line":11,"column":4},"end":{"line":11,"column":28}},"7":{"start":{"line":12,"column":4},"end":{"line":12,"column":11}},"8":{"start":{"line":14,"column":4},"end":{"line":14,"column":61}}},"fnMap":{"0":{"name":"authMiddleware","decl":{"start":{"line":3,"column":24},"end":{"line":3,"column":38}},"loc":{"start":{"line":3,"column":55},"end":{"line":16,"column":1}},"line":3}},"branchMap":{"0":{"loc":{"start":{"line":5,"column":2},"end":{"line":5,"column":75}},"type":"if","locations":[{"start":{"line":5,"column":2},"end":{"line":5,"column":75}},{"start":{},"end":{}}],"line":5}},"s":{"0":0,"1":0,"2":0,"3":0,"4":0,"5":0,"6":0,"7":0,"8":0},"f":{"0":0},"b":{"0":[0,0]},"inputSourceMap":null,"_coverageSchema":"1a1c01bbd47fc00a2c39e90264f33305004495a9","hash":"c62336f0fb9ec05ae58dad78b9cad80f280907d9"}
,"C:\\Desenvolvimento\\coop-cred\\src\\models\\Account.js": {"path":"C:\\Desenvolvimento\\coop-cred\\src\\models\\Account.js","statementMap":{"0":{"start":{"line":3,"column":22},"end":{"line":20,"column":1}},"1":{"start":{"line":22,"column":16},"end":{"line":22,"column":56}}},"fnMap":{},"branchMap":{},"s":{"0":4,"1":4},"f":{},"b":{},"inputSourceMap":null,"_coverageSchema":"1a1c01bbd47fc00a2c39e90264f33305004495a9","hash":"5ea9fff09f9506fea4ea064dca7b355493eaa78e"}
,"C:\\Desenvolvimento\\coop-cred\\src\\models\\Transaction.js": {"path":"C:\\Desenvolvimento\\coop-cred\\src\\models\\Transaction.js","statementMap":{"0":{"start":{"line":3,"column":26},"end":{"line":15,"column":1}},"1":{"start":{"line":17,"column":20},"end":{"line":17,"column":68}}},"fnMap":{},"branchMap":{},"s":{"0":2,"1":2},"f":{},"b":{},"inputSourceMap":null,"_coverageSchema":"1a1c01bbd47fc00a2c39e90264f33305004495a9","hash":"504b5917c18b8274ce1a183855ddd476195cee88"}
,"C:\\Desenvolvimento\\coop-cred\\src\\models\\User.js": {"path":"C:\\Desenvolvimento\\coop-cred\\src\\models\\User.js","statementMap":{"0":{"start":{"line":4,"column":19},"end":{"line":12,"column":1}},"1":{"start":{"line":15,"column":0},"end":{"line":21,"column":3}},"2":{"start":{"line":16,"column":2},"end":{"line":16,"column":50}},"3":{"start":{"line":16,"column":36},"end":{"line":16,"column":50}},"4":{"start":{"line":18,"column":15},"end":{"line":18,"column":39}},"5":{"start":{"line":19,"column":2},"end":{"line":19,"column":57}},"6":{"start":{"line":20,"column":2},"end":{"line":20,"column":9}},"7":{"start":{"line":24,"column":0},"end":{"line":26,"column":2}},"8":{"start":{"line":25,"column":2},"end":{"line":25,"column":58}},"9":{"start":{"line":28,"column":13},"end":{"line":28,"column":47}}},"fnMap":{"0":{"name":"(anonymous_0)","decl":{"start":{"line":15,"column":23},"end":{"line":15,"column":24}},"loc":{"start":{"line":15,"column":45},"end":{"line":21,"column":1}},"line":15},"1":{"name":"(anonymous_1)","decl":{"start":{"line":24,"column":37},"end":{"line":24,"column":38}},"loc":{"start":{"line":24,"column":72},"end":{"line":26,"column":1}},"line":24}},"branchMap":{"0":{"loc":{"start":{"line":16,"column":2},"end":{"line":16,"column":50}},"type":"if","locations":[{"start":{"line":16,"column":2},"end":{"line":16,"column":50}},{"start":{},"end":{}}],"line":16}},"s":{"0":4,"1":4,"2":18,"3":0,"4":18,"5":18,"6":18,"7":4,"8":2,"9":4},"f":{"0":18,"1":2},"b":{"0":[0,18]},"inputSourceMap":null,"_coverageSchema":"1a1c01bbd47fc00a2c39e90264f33305004495a9","hash":"1ae3657fe9d019d00f4f0928ea9a35c3cf7db9da"}
,"C:\\Desenvolvimento\\coop-cred\\src\\routes\\accountRoutes.js": {"path":"C:\\Desenvolvimento\\coop-cred\\src\\routes\\accountRoutes.js","statementMap":{"0":{"start":{"line":5,"column":22},"end":{"line":5,"column":30}},"1":{"start":{"line":7,"column":0},"end":{"line":7,"column":34}},"2":{"start":{"line":9,"column":0},"end":{"line":17,"column":2}},"3":{"start":{"line":19,"column":0},"end":{"line":27,"column":2}},"4":{"start":{"line":29,"column":0},"end":{"line":37,"column":2}}},"fnMap":{},"branchMap":{},"s":{"0":1,"1":1,"2":1,"3":1,"4":1},"f":{},"b":{},"inputSourceMap":null,"_coverageSchema":"1a1c01bbd47fc00a2c39e90264f33305004495a9","hash":"4ea8f0dba292267f96ba5b796d89c89040c2acc3"}
,"C:\\Desenvolvimento\\coop-cred\\src\\routes\\index.js": {"path":"C:\\Desenvolvimento\\coop-cred\\src\\routes\\index.js","statementMap":{"0":{"start":{"line":7,"column":15},"end":{"line":7,"column":23}},"1":{"start":{"line":9,"column":0},"end":{"line":9,"column":33}},"2":{"start":{"line":10,"column":0},"end":{"line":10,"column":39}},"3":{"start":{"line":11,"column":0},"end":{"line":11,"column":47}},"4":{"start":{"line":12,"column":0},"end":{"line":12,"column":37}}},"fnMap":{},"branchMap":{},"s":{"0":1,"1":1,"2":1,"3":1,"4":1},"f":{},"b":{},"inputSourceMap":null,"_coverageSchema":"1a1c01bbd47fc00a2c39e90264f33305004495a9","hash":"42c6b3f362e6bdd274a25f9624c921c78d2ceb4b"}
,"C:\\Desenvolvimento\\coop-cred\\src\\routes\\reportRoutes.js": {"path":"C:\\Desenvolvimento\\coop-cred\\src\\routes\\reportRoutes.js","statementMap":{"0":{"start":{"line":5,"column":21},"end":{"line":5,"column":29}},"1":{"start":{"line":7,"column":0},"end":{"line":7,"column":33}},"2":{"start":{"line":9,"column":0},"end":{"line":17,"column":2}}},"fnMap":{},"branchMap":{},"s":{"0":1,"1":1,"2":1},"f":{},"b":{},"inputSourceMap":null,"_coverageSchema":"1a1c01bbd47fc00a2c39e90264f33305004495a9","hash":"6780c079af0e2e413ef48e7225fe08c753efe372"}
,"C:\\Desenvolvimento\\coop-cred\\src\\routes\\transactionRoutes.js": {"path":"C:\\Desenvolvimento\\coop-cred\\src\\routes\\transactionRoutes.js","statementMap":{"0":{"start":{"line":5,"column":26},"end":{"line":5,"column":34}},"1":{"start":{"line":7,"column":0},"end":{"line":7,"column":38}},"2":{"start":{"line":9,"column":0},"end":{"line":17,"column":2}},"3":{"start":{"line":19,"column":0},"end":{"line":27,"column":2}},"4":{"start":{"line":29,"column":0},"end":{"line":37,"column":2}},"5":{"start":{"line":39,"column":0},"end":{"line":47,"column":2}}},"fnMap":{},"branchMap":{},"s":{"0":1,"1":1,"2":1,"3":1,"4":1,"5":1},"f":{},"b":{},"inputSourceMap":null,"_coverageSchema":"1a1c01bbd47fc00a2c39e90264f33305004495a9","hash":"314af0e09195dd3ce3d717e1f1b6325ec2e3d830"}
,"C:\\Desenvolvimento\\coop-cred\\src\\routes\\userRoutes.js": {"path":"C:\\Desenvolvimento\\coop-cred\\src\\routes\\userRoutes.js","statementMap":{"0":{"start":{"line":4,"column":19},"end":{"line":4,"column":27}},"1":{"start":{"line":6,"column":0},"end":{"line":14,"column":2}},"2":{"start":{"line":16,"column":0},"end":{"line":24,"column":2}}},"fnMap":{},"branchMap":{},"s":{"0":1,"1":1,"2":1},"f":{},"b":{},"inputSourceMap":null,"_coverageSchema":"1a1c01bbd47fc00a2c39e90264f33305004495a9","hash":"0a6ca43df1c4a44e3e407319cc2788d5967c64a0"}
,"C:\\Desenvolvimento\\coop-cred\\src\\services\\accountService.js": {"path":"C:\\Desenvolvimento\\coop-cred\\src\\services\\accountService.js","statementMap":{"0":{"start":{"line":3,"column":23},"end":{"line":23,"column":1}},"1":{"start":{"line":5,"column":20},"end":{"line":10,"column":6}},"2":{"start":{"line":12,"column":4},"end":{"line":12,"column":25}},"3":{"start":{"line":13,"column":4},"end":{"line":13,"column":19}},"4":{"start":{"line":17,"column":4},"end":{"line":17,"column":77}},"5":{"start":{"line":21,"column":4},"end":{"line":21,"column":54}}},"fnMap":{"0":{"name":"(anonymous_0)","decl":{"start":{"line":4,"column":2},"end":{"line":4,"column":3}},"loc":{"start":{"line":4,"column":77},"end":{"line":14,"column":3}},"line":4},"1":{"name":"(anonymous_1)","decl":{"start":{"line":16,"column":2},"end":{"line":16,"column":3}},"loc":{"start":{"line":16,"column":38},"end":{"line":18,"column":3}},"line":16},"2":{"name":"(anonymous_2)","decl":{"start":{"line":20,"column":2},"end":{"line":20,"column":3}},"loc":{"start":{"line":20,"column":38},"end":{"line":22,"column":3}},"line":20}},"branchMap":{},"s":{"0":4,"1":21,"2":21,"3":21,"4":1,"5":1},"f":{"0":21,"1":1,"2":1},"b":{},"inputSourceMap":null,"_coverageSchema":"1a1c01bbd47fc00a2c39e90264f33305004495a9","hash":"08e0220f042764847b74b7cc2e2417b52ddc323f"}
,"C:\\Desenvolvimento\\coop-cred\\src\\services\\reportService.js": {"path":"C:\\Desenvolvimento\\coop-cred\\src\\services\\reportService.js","statementMap":{"0":{"start":{"line":4,"column":22},"end":{"line":30,"column":1}},"1":{"start":{"line":7,"column":28},"end":{"line":7,"column":57}},"2":{"start":{"line":9,"column":19},"end":{"line":26,"column":6}},"3":{"start":{"line":28,"column":4},"end":{"line":28,"column":18}}},"fnMap":{"0":{"name":"(anonymous_0)","decl":{"start":{"line":6,"column":2},"end":{"line":6,"column":3}},"loc":{"start":{"line":6,"column":39},"end":{"line":29,"column":3}},"line":6}},"branchMap":{},"s":{"0":1,"1":0,"2":0,"3":0},"f":{"0":0},"b":{},"inputSourceMap":null,"_coverageSchema":"1a1c01bbd47fc00a2c39e90264f33305004495a9","hash":"a5500ec84f8d5edccbd9133b6ced220380f4f83d"}
,"C:\\Desenvolvimento\\coop-cred\\src\\services\\transactionService.js": {"path":"C:\\Desenvolvimento\\coop-cred\\src\\services\\transactionService.js","statementMap":{"0":{"start":{"line":5,"column":27},"end":{"line":87,"column":1}},"1":{"start":{"line":7,"column":4},"end":{"line":7,"column":55}},"2":{"start":{"line":7,"column":21},"end":{"line":7,"column":55}},"3":{"start":{"line":9,"column":20},"end":{"line":9,"column":53}},"4":{"start":{"line":10,"column":4},"end":{"line":10,"column":58}},"5":{"start":{"line":10,"column":18},"end":{"line":10,"column":58}},"6":{"start":{"line":12,"column":4},"end":{"line":12,"column":30}},"7":{"start":{"line":13,"column":4},"end":{"line":13,"column":25}},"8":{"start":{"line":15,"column":15},"end":{"line":19,"column":6}},"9":{"start":{"line":20,"column":4},"end":{"line":20,"column":20}},"10":{"start":{"line":22,"column":4},"end":{"line":22,"column":14}},"11":{"start":{"line":26,"column":4},"end":{"line":26,"column":55}},"12":{"start":{"line":26,"column":21},"end":{"line":26,"column":55}},"13":{"start":{"line":28,"column":20},"end":{"line":28,"column":53}},"14":{"start":{"line":29,"column":4},"end":{"line":29,"column":58}},"15":{"start":{"line":29,"column":18},"end":{"line":29,"column":58}},"16":{"start":{"line":31,"column":28},"end":{"line":31,"column":65}},"17":{"start":{"line":32,"column":4},"end":{"line":32,"column":72}},"18":{"start":{"line":32,"column":34},"end":{"line":32,"column":72}},"19":{"start":{"line":34,"column":4},"end":{"line":34,"column":30}},"20":{"start":{"line":35,"column":4},"end":{"line":35,"column":25}},"21":{"start":{"line":37,"column":15},"end":{"line":41,"column":6}},"22":{"start":{"line":42,"column":4},"end":{"line":42,"column":20}},"23":{"start":{"line":44,"column":4},"end":{"line":44,"column":14}},"24":{"start":{"line":48,"column":4},"end":{"line":49,"column":70}},"25":{"start":{"line":49,"column":6},"end":{"line":49,"column":70}},"26":{"start":{"line":50,"column":4},"end":{"line":50,"column":55}},"27":{"start":{"line":50,"column":21},"end":{"line":50,"column":55}},"28":{"start":{"line":52,"column":23},"end":{"line":55,"column":6}},"29":{"start":{"line":57,"column":4},"end":{"line":57,"column":80}},"30":{"start":{"line":57,"column":22},"end":{"line":57,"column":80}},"31":{"start":{"line":59,"column":28},"end":{"line":59,"column":59}},"32":{"start":{"line":60,"column":4},"end":{"line":60,"column":72}},"33":{"start":{"line":60,"column":34},"end":{"line":60,"column":72}},"34":{"start":{"line":63,"column":4},"end":{"line":63,"column":27}},"35":{"start":{"line":64,"column":4},"end":{"line":64,"column":25}},"36":{"start":{"line":66,"column":4},"end":{"line":66,"column":48}},"37":{"start":{"line":68,"column":15},"end":{"line":73,"column":6}},"38":{"start":{"line":75,"column":4},"end":{"line":75,"column":20}},"39":{"start":{"line":76,"column":4},"end":{"line":76,"column":14}},"40":{"start":{"line":80,"column":4},"end":{"line":85,"column":31}}},"fnMap":{"0":{"name":"(anonymous_0)","decl":{"start":{"line":6,"column":2},"end":{"line":6,"column":3}},"loc":{"start":{"line":6,"column":39},"end":{"line":23,"column":3}},"line":6},"1":{"name":"(anonymous_1)","decl":{"start":{"line":25,"column":2},"end":{"line":25,"column":3}},"loc":{"start":{"line":25,"column":40},"end":{"line":45,"column":3}},"line":25},"2":{"name":"(anonymous_2)","decl":{"start":{"line":47,"column":2},"end":{"line":47,"column":3}},"loc":{"start":{"line":47,"column":43},"end":{"line":77,"column":3}},"line":47},"3":{"name":"(anonymous_3)","decl":{"start":{"line":79,"column":2},"end":{"line":79,"column":3}},"loc":{"start":{"line":79,"column":37},"end":{"line":86,"column":3}},"line":79}},"branchMap":{"0":{"loc":{"start":{"line":7,"column":4},"end":{"line":7,"column":55}},"type":"if","locations":[{"start":{"line":7,"column":4},"end":{"line":7,"column":55}},{"start":{},"end":{}}],"line":7},"1":{"loc":{"start":{"line":10,"column":4},"end":{"line":10,"column":58}},"type":"if","locations":[{"start":{"line":10,"column":4},"end":{"line":10,"column":58}},{"start":{},"end":{}}],"line":10},"2":{"loc":{"start":{"line":26,"column":4},"end":{"line":26,"column":55}},"type":"if","locations":[{"start":{"line":26,"column":4},"end":{"line":26,"column":55}},{"start":{},"end":{}}],"line":26},"3":{"loc":{"start":{"line":29,"column":4},"end":{"line":29,"column":58}},"type":"if","locations":[{"start":{"line":29,"column":4},"end":{"line":29,"column":58}},{"start":{},"end":{}}],"line":29},"4":{"loc":{"start":{"line":32,"column":4},"end":{"line":32,"column":72}},"type":"if","locations":[{"start":{"line":32,"column":4},"end":{"line":32,"column":72}},{"start":{},"end":{}}],"line":32},"5":{"loc":{"start":{"line":48,"column":4},"end":{"line":49,"column":70}},"type":"if","locations":[{"start":{"line":48,"column":4},"end":{"line":49,"column":70}},{"start":{},"end":{}}],"line":48},"6":{"loc":{"start":{"line":50,"column":4},"end":{"line":50,"column":55}},"type":"if","locations":[{"start":{"line":50,"column":4},"end":{"line":50,"column":55}},{"start":{},"end":{}}],"line":50},"7":{"loc":{"start":{"line":57,"column":4},"end":{"line":57,"column":80}},"type":"if","locations":[{"start":{"line":57,"column":4},"end":{"line":57,"column":80}},{"start":{},"end":{}}],"line":57},"8":{"loc":{"start":{"line":57,"column":8},"end":{"line":57,"column":20}},"type":"binary-expr","locations":[{"start":{"line":57,"column":8},"end":{"line":57,"column":13}},{"start":{"line":57,"column":17},"end":{"line":57,"column":20}}],"line":57},"9":{"loc":{"start":{"line":60,"column":4},"end":{"line":60,"column":72}},"type":"if","locations":[{"start":{"line":60,"column":4},"end":{"line":60,"column":72}},{"start":{},"end":{}}],"line":60}},"s":{"0":2,"1":3,"2":2,"3":1,"4":1,"5":0,"6":1,"7":1,"8":1,"9":1,"10":1,"11":2,"12":0,"13":2,"14":2,"15":0,"16":2,"17":2,"18":1,"19":1,"20":1,"21":1,"22":1,"23":1,"24":4,"25":1,"26":3,"27":0,"28":3,"29":3,"30":0,"31":3,"32":3,"33":0,"34":3,"35":3,"36":3,"37":3,"38":3,"39":3,"40":1},"f":{"0":3,"1":2,"2":4,"3":1},"b":{"0":[2,1],"1":[0,1],"2":[0,2],"3":[0,2],"4":[1,1],"5":[1,3],"6":[0,3],"7":[0,3],"8":[3,3],"9":[0,3]},"inputSourceMap":null,"_coverageSchema":"1a1c01bbd47fc00a2c39e90264f33305004495a9","hash":"a01b03c7bf841e2c89989078dfb855582eb79da6"}
,"C:\\Desenvolvimento\\coop-cred\\src\\services\\userService.js": {"path":"C:\\Desenvolvimento\\coop-cred\\src\\services\\userService.js","statementMap":{"0":{"start":{"line":5,"column":20},"end":{"line":44,"column":1}},"1":{"start":{"line":7,"column":25},"end":{"line":7,"column":54}},"2":{"start":{"line":8,"column":4},"end":{"line":10,"column":5}},"3":{"start":{"line":9,"column":6},"end":{"line":9,"column":45}},"4":{"start":{"line":12,"column":17},"end":{"line":12,"column":58}},"5":{"start":{"line":13,"column":4},"end":{"line":13,"column":22}},"6":{"start":{"line":15,"column":18},"end":{"line":15,"column":52}},"7":{"start":{"line":16,"column":52},"end":{"line":16,"column":67}},"8":{"start":{"line":18,"column":4},"end":{"line":22,"column":7}},"9":{"start":{"line":24,"column":4},"end":{"line":24,"column":48}},"10":{"start":{"line":28,"column":17},"end":{"line":28,"column":46}},"11":{"start":{"line":30,"column":4},"end":{"line":32,"column":5}},"12":{"start":{"line":31,"column":6},"end":{"line":31,"column":48}},"13":{"start":{"line":34,"column":20},"end":{"line":34,"column":56}},"14":{"start":{"line":35,"column":4},"end":{"line":37,"column":5}},"15":{"start":{"line":36,"column":6},"end":{"line":36,"column":40}},"16":{"start":{"line":39,"column":18},"end":{"line":39,"column":52}},"17":{"start":{"line":40,"column":52},"end":{"line":40,"column":67}},"18":{"start":{"line":42,"column":4},"end":{"line":42,"column":48}},"19":{"start":{"line":47,"column":17},"end":{"line":47,"column":39}},"20":{"start":{"line":48,"column":2},"end":{"line":50,"column":3}},"21":{"start":{"line":49,"column":4},"end":{"line":49,"column":75}},"22":{"start":{"line":51,"column":20},"end":{"line":51,"column":54}},"23":{"start":{"line":52,"column":2},"end":{"line":52,"column":57}}},"fnMap":{"0":{"name":"(anonymous_0)","decl":{"start":{"line":6,"column":2},"end":{"line":6,"column":3}},"loc":{"start":{"line":6,"column":50},"end":{"line":25,"column":3}},"line":6},"1":{"name":"(anonymous_1)","decl":{"start":{"line":27,"column":2},"end":{"line":27,"column":3}},"loc":{"start":{"line":27,"column":35},"end":{"line":43,"column":3}},"line":27},"2":{"name":"generateToken","decl":{"start":{"line":46,"column":9},"end":{"line":46,"column":22}},"loc":{"start":{"line":46,"column":31},"end":{"line":53,"column":1}},"line":46}},"branchMap":{"0":{"loc":{"start":{"line":8,"column":4},"end":{"line":10,"column":5}},"type":"if","locations":[{"start":{"line":8,"column":4},"end":{"line":10,"column":5}},{"start":{},"end":{}}],"line":8},"1":{"loc":{"start":{"line":30,"column":4},"end":{"line":32,"column":5}},"type":"if","locations":[{"start":{"line":30,"column":4},"end":{"line":32,"column":5}},{"start":{},"end":{}}],"line":30},"2":{"loc":{"start":{"line":35,"column":4},"end":{"line":37,"column":5}},"type":"if","locations":[{"start":{"line":35,"column":4},"end":{"line":37,"column":5}},{"start":{},"end":{}}],"line":35},"3":{"loc":{"start":{"line":48,"column":2},"end":{"line":50,"column":3}},"type":"if","locations":[{"start":{"line":48,"column":2},"end":{"line":50,"column":3}},{"start":{},"end":{}}],"line":48},"4":{"loc":{"start":{"line":51,"column":20},"end":{"line":51,"column":54}},"type":"binary-expr","locations":[{"start":{"line":51,"column":20},"end":{"line":51,"column":46}},{"start":{"line":51,"column":50},"end":{"line":51,"column":54}}],"line":51}},"s":{"0":4,"1":20,"2":20,"3":2,"4":18,"5":18,"6":18,"7":18,"8":18,"9":18,"10":3,"11":3,"12":1,"13":2,"14":2,"15":1,"16":1,"17":1,"18":1,"19":19,"20":19,"21":0,"22":19,"23":19},"f":{"0":20,"1":3,"2":19},"b":{"0":[2,18],"1":[1,2],"2":[1,1],"3":[0,19],"4":[19,0]},"inputSourceMap":null,"_coverageSchema":"1a1c01bbd47fc00a2c39e90264f33305004495a9","hash":"493904fd61dba07e8851b68b5b14ff96a3892b3c"}
,"C:\\Desenvolvimento\\coop-cred\\src\\tests\\factories\\userFactory.js": {"path":"C:\\Desenvolvimento\\coop-cred\\src\\tests\\factories\\userFactory.js","statementMap":{"0":{"start":{"line":5,"column":26},"end":{"line":13,"column":1}},"1":{"start":{"line":6,"column":22},"end":{"line":10,"column":3}},"2":{"start":{"line":12,"column":2},"end":{"line":12,"column":70}}},"fnMap":{"0":{"name":"(anonymous_0)","decl":{"start":{"line":5,"column":26},"end":{"line":5,"column":27}},"loc":{"start":{"line":5,"column":52},"end":{"line":13,"column":1}},"line":5}},"branchMap":{"0":{"loc":{"start":{"line":5,"column":33},"end":{"line":5,"column":47}},"type":"default-arg","locations":[{"start":{"line":5,"column":45},"end":{"line":5,"column":47}}],"line":5}},"s":{"0":3,"1":14,"2":14},"f":{"0":14},"b":{"0":[13]},"inputSourceMap":null,"_coverageSchema":"1a1c01bbd47fc00a2c39e90264f33305004495a9","hash":"85a77c868b438614738674852430b460ca8931f4"}
,"C:\\Desenvolvimento\\coop-cred\\src\\tests\\helpers\\mongoMemory.js": {"path":"C:\\Desenvolvimento\\coop-cred\\src\\tests\\helpers\\mongoMemory.js","statementMap":{"0":{"start":{"line":6,"column":25},"end":{"line":11,"column":1}},"1":{"start":{"line":7,"column":2},"end":{"line":7,"column":49}},"2":{"start":{"line":8,"column":20},"end":{"line":8,"column":40}},"3":{"start":{"line":10,"column":2},"end":{"line":10,"column":36}},"4":{"start":{"line":13,"column":23},"end":{"line":18,"column":1}},"5":{"start":{"line":14,"column":22},"end":{"line":14,"column":53}},"6":{"start":{"line":15,"column":2},"end":{"line":17,"column":3}},"7":{"start":{"line":16,"column":4},"end":{"line":16,"column":42}},"8":{"start":{"line":20,"column":23},"end":{"line":24,"column":1}},"9":{"start":{"line":21,"column":2},"end":{"line":21,"column":43}},"10":{"start":{"line":22,"column":2},"end":{"line":22,"column":36}},"11":{"start":{"line":23,"column":2},"end":{"line":23,"column":27}}},"fnMap":{"0":{"name":"(anonymous_0)","decl":{"start":{"line":6,"column":25},"end":{"line":6,"column":26}},"loc":{"start":{"line":6,"column":37},"end":{"line":11,"column":1}},"line":6},"1":{"name":"(anonymous_1)","decl":{"start":{"line":13,"column":23},"end":{"line":13,"column":24}},"loc":{"start":{"line":13,"column":35},"end":{"line":18,"column":1}},"line":13},"2":{"name":"(anonymous_2)","decl":{"start":{"line":20,"column":23},"end":{"line":20,"column":24}},"loc":{"start":{"line":20,"column":35},"end":{"line":24,"column":1}},"line":20}},"branchMap":{},"s":{"0":5,"1":5,"2":5,"3":5,"4":5,"5":19,"6":19,"7":43,"8":5,"9":5,"10":5,"11":5},"f":{"0":5,"1":19,"2":5},"b":{},"inputSourceMap":null,"_coverageSchema":"1a1c01bbd47fc00a2c39e90264f33305004495a9","hash":"3e2f37e8a1c4fc0f61e9422f091f7dbe5370e1f4"}
}
