{"C:\\Desenvolvimento\\coop-cred\\src\\models\\Account.js": {"path":"C:\\Desenvolvimento\\coop-cred\\src\\models\\Account.js","statementMap":{"0":{"start":{"line":3,"column":22},"end":{"line":20,"column":1}},"1":{"start":{"line":22,"column":16},"end":{"line":22,"column":56}}},"fnMap":{},"branchMap":{},"s":{"0":1,"1":1},"f":{},"b":{},"inputSourceMap":null,"_coverageSchema":"1a1c01bbd47fc00a2c39e90264f33305004495a9","hash":"5ea9fff09f9506fea4ea064dca7b355493eaa78e"}
,"C:\\Desenvolvimento\\coop-cred\\src\\models\\User.js": {"path":"C:\\Desenvolvimento\\coop-cred\\src\\models\\User.js","statementMap":{"0":{"start":{"line":4,"column":19},"end":{"line":12,"column":1}},"1":{"start":{"line":15,"column":0},"end":{"line":21,"column":3}},"2":{"start":{"line":16,"column":2},"end":{"line":16,"column":50}},"3":{"start":{"line":16,"column":36},"end":{"line":16,"column":50}},"4":{"start":{"line":18,"column":15},"end":{"line":18,"column":39}},"5":{"start":{"line":19,"column":2},"end":{"line":19,"column":57}},"6":{"start":{"line":20,"column":2},"end":{"line":20,"column":9}},"7":{"start":{"line":24,"column":0},"end":{"line":26,"column":2}},"8":{"start":{"line":25,"column":2},"end":{"line":25,"column":58}},"9":{"start":{"line":28,"column":13},"end":{"line":28,"column":47}}},"fnMap":{"0":{"name":"(anonymous_0)","decl":{"start":{"line":15,"column":23},"end":{"line":15,"column":24}},"loc":{"start":{"line":15,"column":45},"end":{"line":21,"column":1}},"line":15},"1":{"name":"(anonymous_1)","decl":{"start":{"line":24,"column":37},"end":{"line":24,"column":38}},"loc":{"start":{"line":24,"column":72},"end":{"line":26,"column":1}},"line":24}},"branchMap":{"0":{"loc":{"start":{"line":16,"column":2},"end":{"line":16,"column":50}},"type":"if","locations":[{"start":{"line":16,"column":2},"end":{"line":16,"column":50}},{"start":{},"end":{}}],"line":16}},"s":{"0":1,"1":1,"2":1,"3":0,"4":1,"5":1,"6":1,"7":1,"8":0,"9":1},"f":{"0":1,"1":0},"b":{"0":[0,1]},"inputSourceMap":null,"_coverageSchema":"1a1c01bbd47fc00a2c39e90264f33305004495a9","hash":"1ae3657fe9d019d00f4f0928ea9a35c3cf7db9da"}
,"C:\\Desenvolvimento\\coop-cred\\src\\services\\accountService.js": {"path":"C:\\Desenvolvimento\\coop-cred\\src\\services\\accountService.js","statementMap":{"0":{"start":{"line":3,"column":23},"end":{"line":28,"column":1}},"1":{"start":{"line":10,"column":20},"end":{"line":15,"column":6}},"2":{"start":{"line":17,"column":4},"end":{"line":17,"column":25}},"3":{"start":{"line":18,"column":4},"end":{"line":18,"column":19}},"4":{"start":{"line":22,"column":4},"end":{"line":22,"column":77}},"5":{"start":{"line":26,"column":4},"end":{"line":26,"column":54}}},"fnMap":{"0":{"name":"(anonymous_0)","decl":{"start":{"line":4,"column":2},"end":{"line":4,"column":3}},"loc":{"start":{"line":9,"column":4},"end":{"line":19,"column":3}},"line":9},"1":{"name":"(anonymous_1)","decl":{"start":{"line":21,"column":2},"end":{"line":21,"column":3}},"loc":{"start":{"line":21,"column":34},"end":{"line":23,"column":3}},"line":21},"2":{"name":"(anonymous_2)","decl":{"start":{"line":25,"column":2},"end":{"line":25,"column":3}},"loc":{"start":{"line":25,"column":34},"end":{"line":27,"column":3}},"line":25}},"branchMap":{"0":{"loc":{"start":{"line":6,"column":4},"end":{"line":6,"column":28}},"type":"default-arg","locations":[{"start":{"line":6,"column":18},"end":{"line":6,"column":28}}],"line":6},"1":{"loc":{"start":{"line":7,"column":4},"end":{"line":7,"column":19}},"type":"default-arg","locations":[{"start":{"line":7,"column":18},"end":{"line":7,"column":19}}],"line":7}},"s":{"0":1,"1":1,"2":1,"3":1,"4":0,"5":0},"f":{"0":1,"1":0,"2":0},"b":{"0":[0],"1":[0]},"inputSourceMap":null,"_coverageSchema":"1a1c01bbd47fc00a2c39e90264f33305004495a9","hash":"bfdb92be871a3eadb661424a42594f20edf4bb35"}
,"C:\\Desenvolvimento\\coop-cred\\src\\services\\userService.js": {"path":"C:\\Desenvolvimento\\coop-cred\\src\\services\\userService.js","statementMap":{"0":{"start":{"line":5,"column":20},"end":{"line":41,"column":1}},"1":{"start":{"line":7,"column":25},"end":{"line":7,"column":54}},"2":{"start":{"line":8,"column":4},"end":{"line":10,"column":5}},"3":{"start":{"line":9,"column":6},"end":{"line":9,"column":45}},"4":{"start":{"line":12,"column":17},"end":{"line":12,"column":58}},"5":{"start":{"line":13,"column":4},"end":{"line":13,"column":22}},"6":{"start":{"line":15,"column":18},"end":{"line":15,"column":52}},"7":{"start":{"line":16,"column":52},"end":{"line":16,"column":67}},"8":{"start":{"line":18,"column":4},"end":{"line":18,"column":78}},"9":{"start":{"line":20,"column":4},"end":{"line":20,"column":48}},"10":{"start":{"line":24,"column":17},"end":{"line":24,"column":46}},"11":{"start":{"line":25,"column":4},"end":{"line":25,"column":62}},"12":{"start":{"line":25,"column":35},"end":{"line":25,"column":60}},"13":{"start":{"line":27,"column":4},"end":{"line":29,"column":5}},"14":{"start":{"line":28,"column":6},"end":{"line":28,"column":48}},"15":{"start":{"line":31,"column":20},"end":{"line":31,"column":56}},"16":{"start":{"line":32,"column":4},"end":{"line":34,"column":5}},"17":{"start":{"line":33,"column":6},"end":{"line":33,"column":40}},"18":{"start":{"line":36,"column":18},"end":{"line":36,"column":52}},"19":{"start":{"line":37,"column":52},"end":{"line":37,"column":67}},"20":{"start":{"line":39,"column":4},"end":{"line":39,"column":48}},"21":{"start":{"line":44,"column":17},"end":{"line":44,"column":39}},"22":{"start":{"line":45,"column":2},"end":{"line":47,"column":3}},"23":{"start":{"line":46,"column":4},"end":{"line":46,"column":75}},"24":{"start":{"line":48,"column":20},"end":{"line":48,"column":54}},"25":{"start":{"line":49,"column":2},"end":{"line":49,"column":57}}},"fnMap":{"0":{"name":"(anonymous_0)","decl":{"start":{"line":6,"column":2},"end":{"line":6,"column":3}},"loc":{"start":{"line":6,"column":50},"end":{"line":21,"column":3}},"line":6},"1":{"name":"(anonymous_1)","decl":{"start":{"line":23,"column":2},"end":{"line":23,"column":3}},"loc":{"start":{"line":23,"column":31},"end":{"line":40,"column":3}},"line":23},"2":{"name":"(anonymous_2)","decl":{"start":{"line":25,"column":22},"end":{"line":25,"column":23}},"loc":{"start":{"line":25,"column":35},"end":{"line":25,"column":60}},"line":25},"3":{"name":"generateToken","decl":{"start":{"line":43,"column":9},"end":{"line":43,"column":22}},"loc":{"start":{"line":43,"column":31},"end":{"line":50,"column":1}},"line":43}},"branchMap":{"0":{"loc":{"start":{"line":8,"column":4},"end":{"line":10,"column":5}},"type":"if","locations":[{"start":{"line":8,"column":4},"end":{"line":10,"column":5}},{"start":{},"end":{}}],"line":8},"1":{"loc":{"start":{"line":27,"column":4},"end":{"line":29,"column":5}},"type":"if","locations":[{"start":{"line":27,"column":4},"end":{"line":29,"column":5}},{"start":{},"end":{}}],"line":27},"2":{"loc":{"start":{"line":32,"column":4},"end":{"line":34,"column":5}},"type":"if","locations":[{"start":{"line":32,"column":4},"end":{"line":34,"column":5}},{"start":{},"end":{}}],"line":32},"3":{"loc":{"start":{"line":45,"column":2},"end":{"line":47,"column":3}},"type":"if","locations":[{"start":{"line":45,"column":2},"end":{"line":47,"column":3}},{"start":{},"end":{}}],"line":45},"4":{"loc":{"start":{"line":48,"column":20},"end":{"line":48,"column":54}},"type":"binary-expr","locations":[{"start":{"line":48,"column":20},"end":{"line":48,"column":46}},{"start":{"line":48,"column":50},"end":{"line":48,"column":54}}],"line":48}},"s":{"0":1,"1":1,"2":1,"3":0,"4":1,"5":1,"6":1,"7":1,"8":1,"9":1,"10":0,"11":0,"12":0,"13":0,"14":0,"15":0,"16":0,"17":0,"18":0,"19":0,"20":0,"21":1,"22":1,"23":0,"24":1,"25":1},"f":{"0":1,"1":0,"2":0,"3":1},"b":{"0":[0,1],"1":[0,0],"2":[0,0],"3":[0,1],"4":[1,0]},"inputSourceMap":null,"_coverageSchema":"1a1c01bbd47fc00a2c39e90264f33305004495a9","hash":"e5c8cf1feae2d30c35ce40b5a19fdf1c4e4ffbb6"}
,"C:\\Desenvolvimento\\coop-cred\\src\\tests\\helpers\\mongoMemory.js": {"path":"C:\\Desenvolvimento\\coop-cred\\src\\tests\\helpers\\mongoMemory.js","statementMap":{"0":{"start":{"line":6,"column":25},"end":{"line":11,"column":1}},"1":{"start":{"line":7,"column":2},"end":{"line":7,"column":49}},"2":{"start":{"line":8,"column":20},"end":{"line":8,"column":40}},"3":{"start":{"line":10,"column":2},"end":{"line":10,"column":36}},"4":{"start":{"line":13,"column":23},"end":{"line":18,"column":1}},"5":{"start":{"line":14,"column":22},"end":{"line":14,"column":53}},"6":{"start":{"line":15,"column":2},"end":{"line":17,"column":3}},"7":{"start":{"line":16,"column":4},"end":{"line":16,"column":42}},"8":{"start":{"line":20,"column":23},"end":{"line":24,"column":1}},"9":{"start":{"line":21,"column":2},"end":{"line":21,"column":43}},"10":{"start":{"line":22,"column":2},"end":{"line":22,"column":36}},"11":{"start":{"line":23,"column":2},"end":{"line":23,"column":27}}},"fnMap":{"0":{"name":"(anonymous_0)","decl":{"start":{"line":6,"column":25},"end":{"line":6,"column":26}},"loc":{"start":{"line":6,"column":37},"end":{"line":11,"column":1}},"line":6},"1":{"name":"(anonymous_1)","decl":{"start":{"line":13,"column":23},"end":{"line":13,"column":24}},"loc":{"start":{"line":13,"column":35},"end":{"line":18,"column":1}},"line":13},"2":{"name":"(anonymous_2)","decl":{"start":{"line":20,"column":23},"end":{"line":20,"column":24}},"loc":{"start":{"line":20,"column":35},"end":{"line":24,"column":1}},"line":20}},"branchMap":{},"s":{"0":1,"1":1,"2":1,"3":1,"4":1,"5":1,"6":1,"7":2,"8":1,"9":1,"10":1,"11":1},"f":{"0":1,"1":1,"2":1},"b":{},"inputSourceMap":null,"_coverageSchema":"1a1c01bbd47fc00a2c39e90264f33305004495a9","hash":"3e2f37e8a1c4fc0f61e9422f091f7dbe5370e1f4"}
}
