TN:
SF:src\models\Account.js
FNF:0
FNH:0
DA:3,1
DA:22,1
LF:2
LH:2
BRF:0
BRH:0
end_of_record
TN:
SF:src\models\User.js
FN:15,(anonymous_0)
FN:24,(anonymous_1)
FNF:2
FNH:1
FNDA:1,(anonymous_0)
FNDA:0,(anonymous_1)
DA:4,1
DA:15,1
DA:16,1
DA:18,1
DA:19,1
DA:20,1
DA:24,1
DA:25,0
DA:28,1
LF:9
LH:8
BRDA:16,0,0,0
BRDA:16,0,1,1
BRF:2
BRH:1
end_of_record
TN:
SF:src\services\accountService.js
FN:4,(anonymous_0)
FN:21,(anonymous_1)
FN:25,(anonymous_2)
FNF:3
FNH:1
FNDA:1,(anonymous_0)
FNDA:0,(anonymous_1)
FNDA:0,(anonymous_2)
DA:3,1
DA:10,1
DA:17,1
DA:18,1
DA:22,0
DA:26,0
LF:6
LH:4
BRDA:6,0,0,0
BRDA:7,1,0,0
BRF:2
BRH:0
end_of_record
TN:
SF:src\services\userService.js
FN:6,(anonymous_0)
FN:23,(anonymous_1)
FN:25,(anonymous_2)
FN:43,generateToken
FNF:4
FNH:2
FNDA:1,(anonymous_0)
FNDA:0,(anonymous_1)
FNDA:0,(anonymous_2)
FNDA:1,generateToken
DA:5,1
DA:7,1
DA:8,1
DA:9,0
DA:12,1
DA:13,1
DA:15,1
DA:16,1
DA:18,1
DA:20,1
DA:24,0
DA:25,0
DA:27,0
DA:28,0
DA:31,0
DA:32,0
DA:33,0
DA:36,0
DA:37,0
DA:39,0
DA:44,1
DA:45,1
DA:46,0
DA:48,1
DA:49,1
LF:25
LH:13
BRDA:8,0,0,0
BRDA:8,0,1,1
BRDA:27,1,0,0
BRDA:27,1,1,0
BRDA:32,2,0,0
BRDA:32,2,1,0
BRDA:45,3,0,0
BRDA:45,3,1,1
BRDA:48,4,0,1
BRDA:48,4,1,0
BRF:10
BRH:3
end_of_record
TN:
SF:src\tests\helpers\mongoMemory.js
FN:6,(anonymous_0)
FN:13,(anonymous_1)
FN:20,(anonymous_2)
FNF:3
FNH:3
FNDA:1,(anonymous_0)
FNDA:1,(anonymous_1)
FNDA:1,(anonymous_2)
DA:6,1
DA:7,1
DA:8,1
DA:10,1
DA:13,1
DA:14,1
DA:15,1
DA:16,2
DA:20,1
DA:21,1
DA:22,1
DA:23,1
LF:12
LH:12
BRF:0
BRH:0
end_of_record
