TN:
SF:src\app.js
FNF:0
FNH:0
DA:9,1
DA:11,1
DA:13,1
DA:14,1
DA:15,1
DA:18,1
DA:23,1
LF:7
LH:7
BRF:0
BRH:0
end_of_record
TN:
SF:src\controllers\accountController.js
FN:4,(anonymous_0)
FN:21,(anonymous_1)
FN:35,(anonymous_2)
FNF:3
FNH:0
FNDA:0,(anonymous_0)
FNDA:0,(anonymous_1)
FNDA:0,(anonymous_2)
DA:3,1
DA:5,0
DA:6,0
DA:7,0
DA:9,0
DA:15,0
DA:17,0
DA:22,0
DA:23,0
DA:24,0
DA:26,0
DA:27,0
DA:29,0
DA:31,0
DA:36,0
DA:37,0
DA:38,0
DA:39,0
DA:41,0
LF:19
LH:1
BRDA:26,0,0,0
BRDA:26,0,1,0
BRF:2
BRH:0
end_of_record
TN:
SF:src\controllers\reportController.js
FN:4,(anonymous_0)
FNF:1
FNH:0
FNDA:0,(anonymous_0)
DA:3,1
DA:5,0
DA:6,0
DA:7,0
DA:8,0
DA:10,0
LF:6
LH:1
BRF:0
BRH:0
end_of_record
TN:
SF:src\controllers\transactionController.js
FN:4,(anonymous_0)
FN:14,(anonymous_1)
FN:24,(anonymous_2)
FN:38,(anonymous_3)
FNF:4
FNH:0
FNDA:0,(anonymous_0)
FNDA:0,(anonymous_1)
FNDA:0,(anonymous_2)
FNDA:0,(anonymous_3)
DA:3,1
DA:5,0
DA:6,0
DA:7,0
DA:8,0
DA:10,0
DA:15,0
DA:16,0
DA:17,0
DA:18,0
DA:20,0
DA:25,0
DA:26,0
DA:27,0
DA:32,0
DA:34,0
DA:39,0
DA:40,0
DA:41,0
DA:42,0
DA:44,0
LF:21
LH:1
BRF:0
BRH:0
end_of_record
TN:
SF:src\controllers\userController.js
FN:4,(anonymous_0)
FN:14,(anonymous_1)
FNF:2
FNH:2
FNDA:4,(anonymous_0)
FNDA:1,(anonymous_1)
DA:3,2
DA:5,4
DA:6,4
DA:7,4
DA:8,3
DA:10,1
DA:15,1
DA:16,1
DA:17,1
DA:18,1
DA:20,0
LF:11
LH:10
BRF:0
BRH:0
end_of_record
TN:
SF:src\middlewares\authMiddleware.js
FN:3,authMiddleware
FNF:1
FNH:0
FNDA:0,authMiddleware
DA:4,0
DA:5,0
DA:7,0
DA:9,0
DA:10,0
DA:11,0
DA:12,0
DA:14,0
LF:8
LH:0
BRDA:5,0,0,0
BRDA:5,0,1,0
BRF:2
BRH:0
end_of_record
TN:
SF:src\models\Account.js
FNF:0
FNH:0
DA:3,4
DA:22,4
LF:2
LH:2
BRF:0
BRH:0
end_of_record
TN:
SF:src\models\Transaction.js
FNF:0
FNH:0
DA:3,2
DA:17,2
LF:2
LH:2
BRF:0
BRH:0
end_of_record
TN:
SF:src\models\User.js
FN:15,(anonymous_0)
FN:24,(anonymous_1)
FNF:2
FNH:2
FNDA:18,(anonymous_0)
FNDA:2,(anonymous_1)
DA:4,4
DA:15,4
DA:16,18
DA:18,18
DA:19,18
DA:20,18
DA:24,4
DA:25,2
DA:28,4
LF:9
LH:9
BRDA:16,0,0,0
BRDA:16,0,1,18
BRF:2
BRH:1
end_of_record
TN:
SF:src\routes\accountRoutes.js
FNF:0
FNH:0
DA:5,1
DA:7,1
DA:9,1
DA:19,1
DA:29,1
LF:5
LH:5
BRF:0
BRH:0
end_of_record
TN:
SF:src\routes\index.js
FNF:0
FNH:0
DA:7,1
DA:9,1
DA:10,1
DA:11,1
DA:12,1
LF:5
LH:5
BRF:0
BRH:0
end_of_record
TN:
SF:src\routes\reportRoutes.js
FNF:0
FNH:0
DA:5,1
DA:7,1
DA:9,1
LF:3
LH:3
BRF:0
BRH:0
end_of_record
TN:
SF:src\routes\transactionRoutes.js
FNF:0
FNH:0
DA:5,1
DA:7,1
DA:9,1
DA:19,1
DA:29,1
DA:39,1
LF:6
LH:6
BRF:0
BRH:0
end_of_record
TN:
SF:src\routes\userRoutes.js
FNF:0
FNH:0
DA:4,1
DA:6,1
DA:16,1
LF:3
LH:3
BRF:0
BRH:0
end_of_record
TN:
SF:src\services\accountService.js
FN:4,(anonymous_0)
FN:16,(anonymous_1)
FN:20,(anonymous_2)
FNF:3
FNH:3
FNDA:21,(anonymous_0)
FNDA:1,(anonymous_1)
FNDA:1,(anonymous_2)
DA:3,4
DA:5,21
DA:12,21
DA:13,21
DA:17,1
DA:21,1
LF:6
LH:6
BRF:0
BRH:0
end_of_record
TN:
SF:src\services\reportService.js
FN:6,(anonymous_0)
FNF:1
FNH:0
FNDA:0,(anonymous_0)
DA:4,1
DA:7,0
DA:9,0
DA:28,0
LF:4
LH:1
BRF:0
BRH:0
end_of_record
TN:
SF:src\services\transactionService.js
FN:6,(anonymous_0)
FN:25,(anonymous_1)
FN:47,(anonymous_2)
FN:79,(anonymous_3)
FNF:4
FNH:4
FNDA:3,(anonymous_0)
FNDA:2,(anonymous_1)
FNDA:4,(anonymous_2)
FNDA:1,(anonymous_3)
DA:5,2
DA:7,3
DA:9,1
DA:10,1
DA:12,1
DA:13,1
DA:15,1
DA:20,1
DA:22,1
DA:26,2
DA:28,2
DA:29,2
DA:31,2
DA:32,2
DA:34,1
DA:35,1
DA:37,1
DA:42,1
DA:44,1
DA:48,4
DA:49,1
DA:50,3
DA:52,3
DA:57,3
DA:59,3
DA:60,3
DA:63,3
DA:64,3
DA:66,3
DA:68,3
DA:75,3
DA:76,3
DA:80,1
LF:33
LH:33
BRDA:7,0,0,2
BRDA:7,0,1,1
BRDA:10,1,0,0
BRDA:10,1,1,1
BRDA:26,2,0,0
BRDA:26,2,1,2
BRDA:29,3,0,0
BRDA:29,3,1,2
BRDA:32,4,0,1
BRDA:32,4,1,1
BRDA:48,5,0,1
BRDA:48,5,1,3
BRDA:50,6,0,0
BRDA:50,6,1,3
BRDA:57,7,0,0
BRDA:57,7,1,3
BRDA:57,8,0,3
BRDA:57,8,1,3
BRDA:60,9,0,0
BRDA:60,9,1,3
BRF:20
BRH:14
end_of_record
TN:
SF:src\services\userService.js
FN:6,(anonymous_0)
FN:27,(anonymous_1)
FN:46,generateToken
FNF:3
FNH:3
FNDA:20,(anonymous_0)
FNDA:3,(anonymous_1)
FNDA:19,generateToken
DA:5,4
DA:7,20
DA:8,20
DA:9,2
DA:12,18
DA:13,18
DA:15,18
DA:16,18
DA:18,18
DA:24,18
DA:28,3
DA:30,3
DA:31,1
DA:34,2
DA:35,2
DA:36,1
DA:39,1
DA:40,1
DA:42,1
DA:47,19
DA:48,19
DA:49,0
DA:51,19
DA:52,19
LF:24
LH:23
BRDA:8,0,0,2
BRDA:8,0,1,18
BRDA:30,1,0,1
BRDA:30,1,1,2
BRDA:35,2,0,1
BRDA:35,2,1,1
BRDA:48,3,0,0
BRDA:48,3,1,19
BRDA:51,4,0,19
BRDA:51,4,1,0
BRF:10
BRH:8
end_of_record
TN:
SF:src\tests\factories\userFactory.js
FN:5,(anonymous_0)
FNF:1
FNH:1
FNDA:14,(anonymous_0)
DA:5,3
DA:6,14
DA:12,14
LF:3
LH:3
BRDA:5,0,0,13
BRF:1
BRH:1
end_of_record
TN:
SF:src\tests\helpers\mongoMemory.js
FN:6,(anonymous_0)
FN:13,(anonymous_1)
FN:20,(anonymous_2)
FNF:3
FNH:3
FNDA:5,(anonymous_0)
FNDA:19,(anonymous_1)
FNDA:5,(anonymous_2)
DA:6,5
DA:7,5
DA:8,5
DA:10,5
DA:13,5
DA:14,19
DA:15,19
DA:16,43
DA:20,5
DA:21,5
DA:22,5
DA:23,5
LF:12
LH:12
BRF:0
BRH:0
end_of_record
